Copyright 1986-2020 Xilinx, Inc. All Rights Reserved.
------------------------------------------------------------------------------------
| Tool Version : Vivado v.2020.2 (lin64) Build 3064766 Wed Nov 18 09:12:47 MST 2020
| Date         : Mon Jun 14 19:09:14 2021
| Host         : normandy running 64-bit Ubuntu 20.04.2 LTS
| Command      : check_timing -file reports/pulpissimo-arty.check_timing.rpt
| Design       : xilinx_pulpissimo
| Device       : 7a100t-csg324
| Speed File   : -1  PRODUCTION 1.23 2018-06-13
------------------------------------------------------------------------------------


check_timing report

Table of Contents
-----------------
1. checking no_clock (7744)
2. checking constant_clock (0)
3. checking pulse_width_clock (0)
4. checking unconstrained_internal_endpoints (10931)
5. checking no_input_delay (33)
6. checking no_output_delay (32)
7. checking multiple_clock (0)
8. checking generated_clocks (0)
9. checking loops (0)
10. checking partial_input_delay (2)
11. checking partial_output_delay (0)
12. checking latch_loops (0)

1. checking no_clock (7744)
---------------------------
 There are 3406 register/latch pins with no clock driven by root clock pin: i_pulpissimo/soc_domain_i/pulp_soc_i/soc_peripherals_i/i_udma/i_i2s_udma/i_clkws_gen/i_clkgen0/r_clk_reg/Q (HIGH)

 There are 319 register/latch pins with no clock driven by root clock pin: i_pulpissimo/soc_domain_i/pulp_soc_i/soc_peripherals_i/i_udma/i_i2s_udma/i_clkws_gen/i_clkgen1/r_clk_reg/Q (HIGH)

 There are 22 register/latch pins with no clock driven by root clock pin: i_pulpissimo/soc_domain_i/pulp_soc_i/soc_peripherals_i/i_udma/i_i2s_udma/i_clkws_gen/i_master_cg/clk_en_reg/Q (HIGH)

 There are 3086 register/latch pins with no clock driven by root clock pin: i_pulpissimo/soc_domain_i/pulp_soc_i/soc_peripherals_i/i_udma/i_i2s_udma/i_clkws_gen/i_pdm_cg/clk_en_reg/Q (HIGH)

 There are 273 register/latch pins with no clock driven by root clock pin: i_pulpissimo/soc_domain_i/pulp_soc_i/soc_peripherals_i/i_udma/i_i2s_udma/i_clkws_gen/i_slave_cg/clk_en_reg/Q (HIGH)

 There are 34 register/latch pins with no clock driven by root clock pin: i_pulpissimo/soc_domain_i/pulp_soc_i/soc_peripherals_i/i_udma/i_i2s_udma/u_reg_if/r_per_master_sel_ext_reg/Q (HIGH)

 There are 34 register/latch pins with no clock driven by root clock pin: i_pulpissimo/soc_domain_i/pulp_soc_i/soc_peripherals_i/i_udma/i_i2s_udma/u_reg_if/r_per_master_sel_num_reg/Q (HIGH)

 There are 285 register/latch pins with no clock driven by root clock pin: i_pulpissimo/soc_domain_i/pulp_soc_i/soc_peripherals_i/i_udma/i_i2s_udma/u_reg_if/r_per_slave_sel_ext_reg/Q (HIGH)

 There are 285 register/latch pins with no clock driven by root clock pin: i_pulpissimo/soc_domain_i/pulp_soc_i/soc_peripherals_i/i_udma/i_i2s_udma/u_reg_if/r_per_slave_sel_num_reg/Q (HIGH)


2. checking constant_clock (0)
------------------------------
 There are 0 register/latch pins with constant_clock.


3. checking pulse_width_clock (0)
---------------------------------
 There are 0 register/latch pins which need pulse_width check


4. checking unconstrained_internal_endpoints (10931)
----------------------------------------------------
 There are 10172 pins that are not constrained for maximum delay. (HIGH)

 There are 759 pins that are not constrained for maximum delay due to constant clock. (MEDIUM)


5. checking no_input_delay (33)
-------------------------------
 There are 32 input ports with no input delay specified. (HIGH)

 There is 1 input port with no input delay but user has a false path constraint. (MEDIUM)


6. checking no_output_delay (32)
--------------------------------
 There are 30 ports with no output delay specified. (HIGH)

 There are 0 ports with no output delay but user has a false path constraint

 There are 2 ports with no output delay but with a timing clock defined on it or propagating through it (LOW)


7. checking multiple_clock (0)
------------------------------
 There are 0 register/latch pins with multiple clocks.


8. checking generated_clocks (0)
--------------------------------
 There are 0 generated clocks that are not connected to a clock source.


9. checking loops (0)
---------------------
 There are 0 combinational loops in the design.


10. checking partial_input_delay (2)
------------------------------------
 There are 2 input ports with partial input delay specified. (HIGH)


11. checking partial_output_delay (0)
-------------------------------------
 There are 0 ports with partial output delay specified.


12. checking latch_loops (0)
----------------------------
 There are 0 combinational latch loops in the design through latch input


